    'mask': {   'allow_overlap': False,
                'aspect_ratio': [0.75, 1.5],
                'enc_mask_scale': [0.85, 1.0],
                'min_keep': 10,
                'num_enc_masks': 1,
                'num_pred_masks': 4,
                'patch_size': 14,
                'pred_mask_scale': [0.15, 0.2]},
    'memory': {'dreams': 50, 'memory_models': 10, 'models': 5, 'rl_models': 15},
    'meta': {   'agent_model_arch': 'vit_tiny',
                'camera_brand': 0,
                'copy_data': False,
                'distributed': True,
                'load_checkpoint': True,
                'model_arch': 'vit_tiny',
                'pred_depth': 12,
                'pred_emb_dim': 384,
                'read_checkpoint': None,
                'use_bfloat16': True},
    'optimization': {   'TAU': 0.0005,
                        'ema': [0.85, 1.0],
                        'epochs': 100,
                        'final_lr': 1e-06,
                        'final_weight_decay': 0.4,
                        'ipe_scale': 1.0,
                        'lr': 0.0001,
                        'rl_ema': [0.0005, 5e-05]DEBUG:source.run_rl:Model id 0
DEBUG:source.run_rl:Parent model: wm_00_04
INFO:source.helper:VisionTransformer(
  (patch_embed): PatchEmbed(
    (proj): Conv2d(3, 192, kernel_size=(14, 14), stride=(14, 14))
  )
  (blocks): ModuleList(
    (0): Block(
      (norm1): LayerNorm((192,), eps=1e-06, elementwise_affine=True)
      (attn): Attention(
        (qkv): Linear(in_features=192, out_features=576, bias=True)
        (attn_drop): Dropout(p=0.0, inplace=False)
        (proj): Linear(in_features=192, out_features=192, bias=True)
        (proj_drop): Dropout(p=0.0, inplace=False)
      )
      (drop_path): Identity()
      (norm2): LayerNorm((192,), eps=1e-06, elementwise_affine=True)
      (mlp): MLP(
        (fc1): Linear(in_features=192, out_features=768, bias=True)
        (act): GELU(approximate='none')
        (fc2): Linear(in_features=768, out_features=192, bias=True)
        (drop): Dropout(p=0.0, inplace=False)
      )
    )
    (1): Block(
      (norm1): LayerNorm((192,), eps=1e-06, elementwise_affine=True)
      (attn): Attention(
        (qkv): Linear(in_features=192, out_features=576, bias=True)
        (attn_drop): Dropout(p=0.0, inplace=False)
        (proj): Linear(in_features=192, out_features=192, bias=True)
        (proj_drop): Dropout(p=0.0, inplace=False)
      )
      (drop_path): Identity()
      (norm2): LayerNorm((192,), eps=1e-06, elementwise_affine=True)
      (mlp): MLP(
        (fc1): Linear(in_features=192, out_features=768, bias=True)
        (act): GELU(approximate='none')
        (fc2): Linear(in_features=768, out_features=192, bias=True)
        (drop): Dropout(p=0.0, inplace=False)
      )
    )
    (2): Block(
      (norm1): LayerNorm((192,), eps=1e-06, elementwise_affine=True)
      (attn): Attention(
        (qkv): Linear(in_features=192, out_features=576, bias=True)
        (attn_drop): Dropout(p=0.0, inplace=False)
        (proj): Linear(in_features=192, out_features=192, bias=True)
        (proj_drop): Dropout(p=0.0, inplace=False)
      )
      (drop_path): Identity()
      (norm2): LayerNorm((192,), eps=1e-06, elementwise_affine=True)
      (mlp): MLP(
        (fc1): Linear(in_features=192, out_features=768, bias=True)
        (act): GELU(approximate='none')
        (fc2): Linear(in_features=768, out_features=192, bias=True)
        (drop): Dropout(p=0.0, inplace=False)
      )
    )
    (3): Block(
      (norm1): LayerNorm((192,), eps=1e-06, elementwise_affine=True)
      (attn): Attention(
        (qkv): Linear(in_features=192, out_features=576, bias=True)
        (attn_drop): Dropout(p=0.0, inplace=False)
        (proj): Linear(in_features=192, out_features=192, bias=True)
        (proj_drop): Dropout(p=0.0, inplace=False)
      )
      (drop_path): Identity()
      (norm2): LayerNorm((192,), eps=1e-06, elementwise_affine=True)
      (mlp): MLP(
        (fc1): Linear(in_features=192, out_features=768, bias=True)
        (act): GELU(approximate='none')
        (fc2): Linear(in_features=768, out_features=192, bias=True)
        (drop): Dropout(p=0.0, inplace=False)
      )
    )
    (4): Block(
      (norm1): LayerNorm((192,), eps=1e-06, elementwise_affine=True)
      (attn): Attention(
        (qkv): Linear(in_features=192, out_features=576, bias=True)
        (attn_drop): Dropout(p=0.0, inplace=False)
        (proj): Linear(in_features=192, out_features=192, bias=True)
        (proj_drop): Dropout(p=0.0, inplace=False)
      )
      (drop_path): Identity()
      (norm2): LayerNorm((192,), eps=1e-06, elementwise_affine=True)
      (mlp): MLP(
        (fc1): Linear(in_features=192, out_features=768, bias=True)
        (act): GELU(approximate='none')
        (fc2): Linear(in_features=768, out_features=192, bias=True)
        (drop): Dropout(p=0.0, inplace=False)
      )
    )
    (5): Block(
      (norm1): LayerNorm((192,), eps=1e-06, elementwise_affine=True)
      (attn): Attention(
        (qkv): Linear(in_features=192, out_features=576, bias=True)
        (attn_drop): Dropout(p=0.0, inplace=False)
        (proj): Linear(in_features=192, out_features=192, bias=True)
        (proj_drop): Dropout(p=0.0, inplace=False)
      )
      (drop_path): Identity()
      (norm2): LayerNorm((192,), eps=1e-06, elementwise_affine=True)
      (mlp): MLP(
        (fc1): Linear(in_features=192, out_features=768, bias=True)
        (act): GELU(approximate='none')
        (fc2): Linear(in_features=768, out_features=192, bias=True)
        (drop): Dropout(p=0.0, inplace=False)
      )
    )
    (6): Block(
      (norm1): LayerNorm((192,), eps=1e-06, elementwise_affine=True)
      (attn): Attention(
        (qkv): Linear(in_features=192, out_features=576, bias=True)
        (attn_drop): Dropout(p=0.0, inplace=False)
        (proj): Linear(in_features=192, out_features=192, bias=True)
        (proj_drop): Dropout(p=0.0, inplace=False)
      )
      (drop_path): Identity()
      (norm2): LayerNorm((192,), eps=1e-06, elementwise_affine=True)
      (mlp): MLP(
        (fc1): Linear(in_features=192, out_features=768, bias=True)
        (act): GELU(approximate='none')
        (fc2): Linear(in_features=768, out_features=192, bias=True)
        (drop): Dropout(p=0.0, inplace=False)
      )
    )
    (7): Block(
      (norm1): LayerNorm((192,), eps=1e-06, elementwise_affine=True)
      (attn): Attention(
        (qkv): Linear(in_features=192, out_features=576, bias=True)
        (attn_drop): Dropout(p=0.0, inplace=False)
        (proj): Linear(in_features=192, out_features=192, bias=True)
        (proj_drop): Dropout(p=0.0, inplace=False)
      )
      (drop_path): Identity()
      (norm2): LayerNorm((192,), eps=1e-06, elementwise_affine=True)
      (mlp): MLP(
        (fc1): Linear(in_features=192, out_features=768, bias=True)
        (act): GELU(approximate='none')
        (fc2): Linear(in_features=768, out_features=192, bias=True)
        (drop): Dropout(p=0.0, inplace=False)
      )
    )
    (8): Block(
      (norm1): LayerNorm((192,), eps=1e-06, elementwise_affine=True)
      (attn): Attention(
        (qkv): Linear(in_features=192, out_features=576, bias=True)
        (attn_drop): Dropout(p=0.0, inplace=False)
        (proj): Linear(in_features=192, out_features=192, bias=True)
        (proj_drop): Dropout(p=0.0, inplace=False)
      )
      (drop_path): Identity()
      (norm2): LayerNorm((192,), eps=1e-06, elementwise_affine=True)
      (mlp): MLP(
        (fc1): Linear(in_features=192, out_features=768, bias=True)
        (act): GELU(approximate='none')
        (fc2): Linear(in_features=768, out_features=192, bias=True)
        (drop): Dropout(p=0.0, inplace=False)
      )
    )
    (9): Block(
      (norm1): LayerNorm((192,), eps=1e-06, elementwise_affine=True)
      (attn): Attention(
        (qkv): Linear(in_features=192, out_features=576, bias=True)
        (attn_drop): Dropout(p=0.0, inplace=False)
        (proj): Linear(in_features=192, out_features=192, bias=True)
        (proj_drop): Dropout(p=0.0, inplace=False)
      )
      (drop_path): Identity()
      (norm2): LayerNorm((192,), eps=1e-06, elementwise_affine=True)
      (mlp): MLP(
        (fc1): Linear(in_features=192, out_features=768, bias=True)
        (act): GELU(approximate='none')
        (fc2): Linear(in_features=768, out_features=192, bias=True)
        (drop): Dropout(p=0.0, inplace=False)
      )
    )
    (10): Block(
      (norm1): LayerNorm((192,), eps=1e-06, elementwise_affine=True)
      (attn): Attention(
        (qkv): Linear(in_features=192, out_features=576, bias=True)
        (attn_drop): Dropout(p=0.0, inplace=False)
        (proj): Linear(in_features=192, out_features=192, bias=True)
        (proj_drop): Dropout(p=0.0, inplace=False)
      )
      (drop_path): Identity()
      (norm2): LayerNorm((192,), eps=1e-06, elementwise_affine=True)
      (mlp): MLP(
        (fc1): Linear(in_features=192, out_features=768, bias=True)
        (act): GELU(approximate='none')
        (fc2): Linear(in_features=768, out_features=192, bias=True)
        (drop): Dropout(p=0.0, inplace=False)
      )
    )
    (11): Block(
      (norm1): LayerNorm((192,), eps=1e-06, elementwise_affine=True)
      (attn): Attention(
        (qkv): Linear(in_features=192, out_features=576, bias=True)
        (attn_drop): Dropout(p=0.0, inplace=False)
        (proj): Linear(in_features=192, out_features=192, bias=True)
        (proj_drop): Dropout(p=0.0, inplace=False)
      )
      (drop_path): Identity()
      (norm2): LayerNorm((192,), eps=1e-06, elementwise_affine=True)
      (mlp): MLP(
        (fc1): Linear(in_features=192, out_features=768, bias=True)
        (act): GELU(approximate='none')
        (fc2): Linear(in_features=768, out_features=192, bias=True)
        (drop): Dropout(p=0.0, inplace=False)
      )
    )
  )
  (norm): LayerNorm((192,), eps=1e-06, elementwise_affine=True)
)
INFO:source.run_rl:PREPARING DATA...
Traceback (most recent call last):
  File "/app/main.py", line 250, in <module>
,
                        'rl_epochs': 100,
                        'rl_final_lr': 1e-06,
                        'rl_lr': 0.0001,
                        'rl_start_lr': 2e-06,
                        'rl_warmup': 5,
                        'start_lr': 2e-06,
                        'warmup': 5,
                        'weight_decay': 0.04},
    'plateau': {   'patience': 10,
                   'rl_patience': 10,
                   'rl_threshold': 0.01,
                   'threshold': 0.01,
                   'wm_patience': 10,
                   'wm_threshold': 0.01},
    'redis': {   'host': '130.202.23.67',
                 'locker_expiration': 36000,
                 'password': 'your_strong_password',
                 'port': 6379}}
log_file  /persistence/agents/ag_00_00/jepa.csv
save_path  /persistence/agents/ag_00_00/jepa-ep{epoch}.pt
policy_latest_path  /persistence/agents/ag_00_00/jepa-policy_latest.pt
target_latest_path  /persistence/agents/ag_00_00/jepa-target_latest.pt
policy_load_path  /persistence/agents/ag_00_00/jepa-policy_latest.pt
target_load_path  /persistence/agents/ag_00_00/jepa-target_latest.pt
    main()
  File "/app/main.py", line 238, in main
    lifelong_learning(args)
  File "/app/main.py", line 66, in lifelong_learning
    training_complete = run_rl(arguments.fname, "train_agent")
  File "/app/source/run_rl.py", line 591, in run
    return agent_model(params)
  File "/app/source/run_rl.py", line 332, in agent_model
    memory = prepare_data(dataloader, len(dataloader)*batch_size*dream_length)
  File "/app/source/run_rl.py", line 277, in prepare_data
    for itr, episodes in enumerate(dataloader):
  File "/usr/local/lib/python3.10/site-packages/torch/utils/data/dataloader.py", line 628, in __next__
    data = self._next_data()
  File "/usr/local/lib/python3.10/site-packages/torch/utils/data/dataloader.py", line 671, in _next_data
    data = self._dataset_fetcher.fetch(index)  # may raise StopIteration
  File "/usr/local/lib/python3.10/site-packages/torch/utils/data/_utils/fetch.py", line 58, in fetch
    data = [self.dataset[idx] for idx in possibly_batched_index]
  File "/usr/local/lib/python3.10/site-packages/torch/utils/data/_utils/fetch.py", line 58, in <listcomp>
    data = [self.dataset[idx] for idx in possibly_batched_index]
  File "/app/source/datasets/dreams_dataset.py", line 22, in __getitem__
    dream = torch.load(dream_path)
  File "/usr/local/lib/python3.10/site-packages/torch/serialization.py", line 789, in load
    return _load(opened_zipfile, map_location, pickle_module, **pickle_load_args)
  File "/usr/local/lib/python3.10/site-packages/torch/serialization.py", line 1131, in _load
    result = unpickler.load()
  File "/usr/local/lib/python3.10/site-packages/torch/serialization.py", line 1101, in persistent_load
    load_tensor(dtype, nbytes, key, _maybe_decode_ascii(location))
  File "/usr/local/lib/python3.10/site-packages/torch/serialization.py", line 1079, in load_tensor
    storage = zip_file.get_storage_from_record(name, numel, torch.UntypedStorage).storage().untyped()
RuntimeError: PytorchStreamReader failed reading file data/0: file read failed