log_file  /persistence/agents/ag_00_14/jepa.csv
save_path  /persistence/agents/ag_00_14/jepa-ep{epoch}.pt
policy_latest_path  /persistence/agents/ag_00_14/jepa-policy_latest.pt
target_latest_path  /persistence/agents/ag_00_14/jepa-target_latest.pt
policy_load_path  /persistence/agents/ag_00_14/jepa-policy_latest.pt
target_load_path  /persistence/agents/ag_00_14/jepa-target_latest.pt
Traceback (most recent call last):
  File "/app/main.py", line 250, in <module>
    main()
  File "/app/main.py", line 238, in main
    lifelong_learning(args)
  File "/app/main.py", line 66, in lifelong_learning
    training_complete = run_rl(arguments.fname, "train_agent")
  File "/app/source/run_rl.py", line 591, in run
    return agent_model(params)
  File "/app/source/run_rl.py", line 327, in agent_model
    dataloader = DataLoader(data, batch_size=batch_size, shuffle=True)
  File "/usr/local/lib/python3.10/site-packages/torch/utils/data/dataloader.py", line 344, in __init__
    sampler = RandomSampler(dataset, generator=generator)  # type: ignore[arg-type]
  File "/usr/local/lib/python3.10/site-packages/torch/utils/data/sampler.py", line 107, in __init__
    raise ValueError("num_samples should be a positive integer "
ValueError: num_samples should be a positive integer value, but got num_samples=0
