    (8): Block(
      (norm1): LayerNorm((192,), eps=1e-06, elementwise_affine=True)
      (attn): Attention(
        (qkv): Linear(in_features=192, out_features=576, bias=True)
        (attn_drop): Dropout(p=0.0, inplace=False)
        (proj): Linear(in_features=192, out_features=192, bias=True)
        (proj_drop): Dropout(p=0.0, inplace=False)
      )
      (drop_path): Identity()
      (norm2): LayerNorm((192,), eps=1e-06, elementwise_affine=True)
      (mlp): MLP(
        (fc1): Linear(in_features=192, out_features=768, bias=True)
        (act): GELU(approximate='none')
        (fc2): Linear(in_features=768, out_features=192, bias=True)
        (drop): Dropout(p=0.0, inplace=False)
      )
    )
    (9): Block(
      (norm1): LayerNorm((192,), eps=1e-06, elementwise_affine=True)
      (attn): Attention(
        (qkv): Linear(in_features=192, out_features=576, bias=True)
        (attn_drop): Dropout(p=0.0, inplace=False)
        (proj): Linear(in_features=192, out_features=192, bias=True)
        (proj_drop): Dropout(p=0.0, inplace=False)
      )
      (drop_path): Identity()
      (norm2): LayerNorm((192,), eps=1e-06, elementwise_affine=True)
      (mlp): MLP(
        (fc1): Linear(in_features=192, out_features=768, bias=True)
        (act): GELU(approximate='none')
        (fc2): Linear(in_features=768, out_features=192, bias=True)
        (drop): Dropout(p=0.0, inplace=False)
      )
    )
    (10): Block(
      (norm1): LayerNorm((192,), eps=1e-06, elementwise_affine=True)
      (attn): Attention(
        (qkv): Linear(in_features=192, out_features=576, bias=True)
        (attn_drop): Dropout(p=0.0, inplace=False)
        (proj): Linear(in_features=192, out_features=192, bias=True)
        (proj_drop): Dropout(p=0.0, inplace=False)
      )
      (drop_path): Identity()
      (norm2): LayerNorm((192,), eps=1e-06, elementwise_affine=True)
      (mlp): MLP(
        (fc1): Linear(in_features=192, out_features=768, bias=True)
        (act): GELU(approximate='none')
        (fc2): Linear(in_features=768, out_features=192, bias=True)
        (drop): Dropout(p=0.0, inplace=False)
      )
    )
    (11): Block(
      (norm1): LayerNorm((192,), eps=1e-06, elementwise_affine=True)
      (attn): Attention(
        (qkv): Linear(in_features=192, out_features=576, bias=True)
        (attn_drop): Dropout(p=0.0, inplace=False)
        (proj): Linear(in_features=192, out_features=192, bias=True)
        (proj_drop): Dropout(p=0.0, inplace=False)
      )
      (drop_path): Identity()
      (norm2): LayerNorm((192,), eps=1e-06, elementwise_affine=True)
      (mlp): MLP(
        (fc1): Linear(in_features=192, out_features=768, bias=True)
        (act): GELU(approximate='none')
        (fc2): Linear(in_features=768, out_features=192, bias=True)
        (drop): Dropout(p=0.0, inplace=False)
      )
    )
  )
  (norm): LayerNorm((192,), eps=1e-06, elementwise_affine=True)
)
INFO:data_transforms:making ptz image data transforms
INFO:source.helper:loaded pretrained encoder from epoch 100 with msg: <All keys matched successfully>
INFO:source.helper:loaded pretrained encoder from epoch 100 with msg: <All keys matched successfully>
INFO:source.helper:read-path: /persistence/world_models/wm_00_03/jepa-latest.pt
INFO:source.run_rl:called-params ./configs/Config_file.yaml
INFO:source.run_rl:loading params...
INFO:source.run_rl:loaded params...
DEBUG:source.run_rl:Model id 13
DEBUG:source.run_rl:Parent model: wm_00_04
INFO:source.helper:VisionTransformer(
  (patch_embed): PatchEmbed(
    (proj): Conv2d(3, 192, kernel_size=(14, 14), stride=(14, 14))
  )
  (blocks): ModuleList(
    (0): Block(
      (norm1): LayerNorm((192,), eps=1e-06, elementwise_affine=True)
      (attn): Attention(
        (qkv): Linear(in_features=192, out_features=576, bias=True)
        (attn_drop): Dropout(p=0.0, inplace=False)
        (proj): Linear(in_features=192, out_features=192, bias=True)
        (proj_drop): Dropout(p=0.0, inplace=False)
      )
      (drop_path): Identity()
      (norm2): LayerNorm((192,), eps=1e-06, elementwise_affine=True)
      (mlp): MLP(
        (fc1): Linear(in_features=192, out_features=768, bias=True)
        (act): GELU(approximate='none')
        (fc2): Linear(in_features=768, out_features=192, bias=True)
        (drop): Dropout(p=0.0, inplace=False)
      )
    )
    (1): Block(
      (norm1): LayerNorm((192,), eps=1e-06, elementwise_affine=True)
      (attn): Attention(
        (qkv): Linear(in_features=192, out_features=576, bias=True)
        (attn_drop): Dropout(p=0.0, inplace=False)
        (proj): Linear(in_features=192, out_features=192, bias=True)
        (proj_drop): Dropout(p=0.0, inplace=False)
      )
      (drop_path): Identity()
      (norm2): LayerNorm((192,), eps=1e-06, elementwise_affine=True)
      (mlp): MLP(
        (fc1): Linear(in_features=192, out_features=768, bias=True)
        (act): GELU(approximate='none')
        (fc2): Linear(in_features=768, out_features=192, bias=True)
        (drop): Dropout(p=0.0, inplace=False)
      )
    )
    (2): Block(
      (norm1): LayerNorm((192,), eps=1e-06, elementwise_affine=True)
      (attn): Attention(
        (qkv): Linear(in_features=192, out_features=576, bias=True)
        (attn_drop): Dropout(p=0.0, inplace=False)
        (proj): Linear(in_features=192, out_features=192, bias=True)
        (proj_drop): Dropout(p=0.0, inplace=False)
      )
      (drop_path): Identity()
      (norm2): LayerNorm((192,), eps=1e-06, elementwise_affine=True)
      (mlp): MLP(
        (fc1): Linear(in_features=192, out_features=768, bias=True)
        (act): GELU(approximate='none')
        (fc2): Linear(in_features=768, out_features=192, bias=True)
        (drop): Dropout(p=0.0, inplace=False)
      )
    )
    (3): Block(
      (norm1): LayerNorm((192,), eps=1e-06, elementwise_affine=True)
      (attn): Attention(
        (qkv): Linear(in_features=192, out_features=576, bias=True)
        (attn_drop): Dropout(p=0.0, inplace=False)
        (proj): Linear(in_features=192, out_features=192, bias=True)
        (proj_drop): Dropout(p=0.0, inplace=False)
      )
      (drop_path): Identity()
      (norm2): LayerNorm((192,), eps=1e-06, elementwise_affine=True)
      (mlp): MLP(
        (fc1): Linear(in_features=192, out_features=768, bias=True)
        (act): GELU(approximate='none')
        (fc2): Linear(in_features=768, out_features=192, bias=True)
        (drop): Dropout(p=0.0, inplace=False)
      )
    )
    (4): Block(
      (norm1): LayerNorm((192,), eps=1e-06, elementwise_affine=True)
      (attn): Attention(
        (qkv): Linear(in_features=192, out_features=576, bias=True)
        (attn_drop): Dropout(p=0.0, inplace=False)
        (proj): Linear(in_features=192, out_features=192, bias=True)
        (proj_drop): Dropout(p=0.0, inplace=False)
      )
      (drop_path): Identity()
      (norm2): LayerNorm((192,), eps=1e-06, elementwise_affine=True)
      (mlp): MLP(
        (fc1): Linear(in_features=192, out_features=768, bias=True)
        (act): GELU(approximate='none')
        (fc2): Linear(in_features=768, out_features=192, bias=True)
        (drop): Dropout(p=0.0, inplace=False)
      )
    )
    (5): Block(
      (norm1): LayerNorm((192,), eps=1e-06, elementwise_affine=True)
      (attn): Attention(
        (qkv): Linear(in_features=192, out_features=576, bias=True)
        (attn_drop): Dropout(p=0.0, inplace=False)
        (proj): Linear(in_features=192, out_features=192, bias=True)
        (proj_drop): Dropout(p=0.0, inplace=False)
      )
      (drop_path): Identity()
      (norm2): LayerNorm((192,), eps=1e-06, elementwise_affine=True)
      (mlp): MLP(
        (fc1): Linear(in_features=192, out_features=768, bias=True)
        (act): GELU(approximate='none')
        (fc2): Linear(in_features=768, out_features=192, bias=True)
        (drop): Dropout(p=0.0, inplace=False)
      )
    )
    (6): Block(
      (norm1): LayerNorm((192,), eps=1e-06, elementwise_affine=True)
      (attn): Attention(
        (qkv): Linear(in_features=192, out_features=576, bias=True)
        (attn_drop): Dropout(p=0.0, inplace=False)
        (proj): Linear(in_features=192, out_features=192, bias=True)
        (proj_drop): Dropout(p=0.0, inplace=False)
      )
      (drop_path): Identity()
      (norm2): LayerNorm((192,), eps=1e-06, elementwise_affine=True)
      (mlp): MLP(
        (fc1): Linear(in_features=192, out_features=768, bias=True)
        (act): GELU(approximate='none')
        (fc2): Linear(in_features=768, out_features=192, bias=True)
        (drop): Dropout(p=0.0, inplace=False)
      )
    )
    (7): Block(
      (norm1): LayerNorm((192,), eps=1e-06, elementwise_affine=True)
      (attn): Attention(
        (qkv): Linear(in_features=192, out_features=576, bias=True)
        (attn_drop): Dropout(p=0.0, inplace=False)
        (proj): Linear(in_features=192, out_features=192, bias=True)
        (proj_drop): Dropout(p=0.0, inplace=False)
      )
      (drop_path): Identity()
      (norm2): LayerNorm((192,), eps=1e-06, elementwise_affine=True)
      (mlp): MLP(
        (fc1): Linear(in_features=192, out_features=768, bias=True)
        (act): GELU(approximate='none')
        (fc2): Linear(in_features=768, out_features=192, bias=True)
        (drop): Dropout(p=0.0, inplace=False)
      )
    )
    (8): Block(
      (norm1): LayerNorm((192,), eps=1e-06, elementwise_affine=True)
      (attn): Attention(
        (qkv): Linear(in_features=192, out_features=576, bias=True)
        (attn_drop): Dropout(p=0.0, inplace=False)
        (proj): Linear(in_features=192, out_features=192, bias=True)
        (proj_drop): Dropout(p=0.0, inplace=False)
      )
      (drop_path): Identity()
      (norm2): LayerNorm((192,), eps=1e-06, elementwise_affine=True)
      (mlp): MLP(
        (fc1): Linear(in_features=192, out_features=768, bias=True)
        (act): GELU(approximate='none')
        (fc2): Linear(in_features=768, out_features=192, bias=True)
        (drop): Dropout(p=0.0, inplace=False)
      )
    )
    (9): Block(
      (norm1): LayerNorm((192,), eps=1e-06, elementwise_affine=True)
      (attn): Attention(
        (qkv): Linear(in_features=192, out_features=576, bias=True)
        (attn_drop): Dropout(p=0.0, inplace=False)
        (proj): Linear(in_features=192, out_features=192, bias=True)
        (proj_drop): Dropout(p=0.0, inplace=False)
      )
      (drop_path): Identity()
      (norm2): LayerNorm((192,), eps=1e-06, elementwise_affine=True)
      (mlp): MLP(
        (fc1): Linear(in_features=192, out_features=768, bias=True)
        (act): GELU(approximate='none')
        (fc2): Linear(in_features=768, out_features=192, bias=True)
        (drop): Dropout(p=0.0, inplace=False)
      )
    )
    (10): Block(
      (norm1): LayerNorm((192,), eps=1e-06, elementwise_affine=True)
      (attn): Attention(
        (qkv): Linear(in_features=192, out_features=576, bias=True)
        (attn_drop): Dropout(p=0.0, inplace=False)
        (proj): Linear(in_features=192, out_features=192, bias=True)
        (proj_drop): Dropout(p=0.0, inplace=False)
      )
      (drop_path): Identity()
      (norm2): LayerNorm((192,), eps=1e-06, elementwise_affine=True)
      (mlp): MLP(
        (fc1): Linear(in_features=192, out_features=768, bias=True)
        (act): GELU(approximate='none')
        (fc2): Linear(in_features=768, out_features=192, bias=True)
        (drop): Dropout(p=0.0, inplace=False)
      )
    )
    (11): Block(
      (norm1): LayerNorm((192,), eps=1e-06, elementwise_affine=True)
      (attn): Attention(
        (qkv): Linear(in_features=192, out_features=576, bias=True)
        (attn_drop): Dropout(p=0.0, inplace=False)
        (proj): Linear(in_features=192, out_features=192, bias=True)
        (proj_drop): Dropout(p=0.0, inplace=False)
      )
      (drop_path): Identity()
      (norm2): LayerNorm((192,), eps=1e-06, elementwise_affine=True)
      (mlp): MLP(
        (fc1): Linear(in_features=192, out_features=768, bias=True)
        (act): GELU(approximate='none')
        (fc2): Linear(in_features=768, out_features=192, bias=True)
        (drop): Dropout(p=0.0, inplace=False)
      )
    )
  )
  (norm): LayerNorm((192,), eps=1e-06, elementwise_affine=True)
)
INFO:source.run_rl:PREPARING DATA...
INFO:source.run_rl:DONE!
INFO:source.helper:Using AdamW
INFO:source.helper:loaded pretrained encoder from epoch 12 with msg: <All keys matched successfully>
INFO:source.helper:loaded optimizers from epoch 12
INFO:source.helper:read-path: /persistence/agents/ag_00_13/jepa-policy_latest.pt
INFO:source.helper:loaded pretrained encoder from epoch 12 with msg: <All keys matched successfully>
INFO:source.helper:read-path: /persistence/agents/ag_00_13/jepa-target_latest.pt
INFO:source.run_rl:Epoch 13
INFO:source.run_rl:[13,     0] loss: 0.080 [wd: 5.28e-02] [lr: 9.86e-05] [mem: 6.03e+03] (1021.0 ms)
INFO:source.run_rl:[13,     0] grad_stats: [5.59e-02 3.25e-02] (3.01e-02, 7.13e-01)
INFO:source.run_rl:avg. loss 0.025
INFO:source.run_rl:Epoch 14
INFO:source.run_rl:[14,     0] loss: 0.012 [wd: 5.50e-02] [lr: 9.82e-05] [mem: 6.20e+03] (1038.9 ms)
INFO:source.run_rl:[14,     0] grad_stats: [1.18e-02 1.18e-02] (1.12e-02, 6.27e-01)
INFO:source.run_rl:avg. loss 0.007
INFO:source.run_rl:Epoch 15
INFO:source.run_rl:[15,     0] loss: 0.003 [wd: 5.74e-02] [lr: 9.78e-05] [mem: 6.20e+03] (1034.8 ms)
INFO:source.run_rl:[15,     0] grad_stats: [5.06e-03 5.49e-03] (4.71e-03, 2.75e-01)
INFO:source.run_rl:avg. loss 0.003
INFO:source.run_rl:Epoch 16
INFO:source.run_rl:[16,     0] loss: 0.003 [wd: 5.99e-02] [lr: 9.73e-05] [mem: 6.20e+03] (1038.3 ms)
INFO:source.run_rl:[16,     0] grad_stats: [4.30e-03 4.32e-03] (3.98e-03, 2.54e-01)
INFO:source.run_rl:avg. loss 0.002
INFO:source.run_rl:Epoch 17
INFO:source.run_rl:[17,     0] loss: 0.002 [wd: 6.25e-02] [lr: 9.67e-05] [mem: 6.20e+03] (1061.8 ms)
INFO:source.run_rl:[17,     0] grad_stats: [2.57e-03 2.70e-03] (2.45e-03, 1.83e-01)
INFO:source.run_rl:avg. loss 0.002
INFO:source.run_rl:Epoch 18
INFO:source.run_rl:[18,     0] loss: 0.002 [wd: 6.54e-02] [lr: 9.61e-05] [mem: 6.20e+03] (1052.6 ms)
INFO:source.run_rl:[18,     0] grad_stats: [3.27e-03 3.41e-03] (3.27e-03, 2.23e-01)
INFO:source.run_rl:avg. loss 0.002
INFO:source.run_rl:Epoch 19
INFO:source.run_rl:[19,     0] loss: 0.002 [wd: 6.83e-02] [lr: 9.54e-05] [mem: 6.20e+03] (1027.3 ms)
INFO:source.run_rl:[19,     0] grad_stats: [3.20e-03 3.54e-03] (3.20e-03, 1.89e-01)
INFO:source.run_rl:avg. loss 0.001
INFO:source.run_rl:Epoch 20
INFO:source.run_rl:[20,     0] loss: 0.001 [wd: 7.14e-02] [lr: 9.47e-05] [mem: 6.20e+03] (1058.8 ms)
INFO:source.run_rl:[20,     0] grad_stats: [2.11e-03 2.37e-03] (2.11e-03, 1.44e-01)
INFO:source.run_rl:avg. loss 0.001
INFO:source.run_rl:Epoch 21
INFO:source.run_rl:[21,     0] loss: 0.001 [wd: 7.47e-02] [lr: 9.40e-05] [mem: 6.20e+03] (1050.4 ms)
INFO:source.run_rl:[21,     0] grad_stats: [2.18e-03 2.34e-03] (2.17e-03, 1.31e-01)
INFO:source.run_rl:avg. loss 0.001
INFO:source.run_rl:Epoch 22
INFO:source.run_rl:[22,     0] loss: 0.001 [wd: 7.81e-02] [lr: 9.31e-05] [mem: 6.20e+03] (1059.2 ms)
INFO:source.run_rl:[22,     0] grad_stats: [2.13e-03 2.15e-03] (1.98e-03, 1.21e-01)
INFO:source.run_rl:avg. loss 0.001
INFO:source.run_rl:Epoch 23
INFO:source.run_rl:[23,     0] loss: 0.001 [wd: 8.17e-02] [lr: 9.23e-05] [mem: 6.20e+03] (1038.7 ms)
INFO:source.run_rl:[23,     0] grad_stats: [1.81e-03 1.77e-03] (1.77e-03, 1.16e-01)
INFO:source.run_rl:avg. loss 0.001
INFO:source.track_progress:Saving ag_00_13 to /persistence/agents/ag_00_13/model_info.yaml
INFO:source.env_interaction:called-params ./configs/Config_file.yaml
INFO:source.env_interaction:loading params...
INFO:source.env_interaction:loaded params...
,
                'model_arch': 'vit_tiny',
                'pred_depth': 12,
                'pred_emb_dim': 384,
                'read_checkpoint': None,
                'use_bfloat16': True},
    'optimization': {   'TAU': 0.0005,
                        'ema': [0.85, 1.0],
                        'epochs': 100,
                        'final_lr': 1e-06,
                        'final_weight_decay': 0.4,
                        'ipe_scale': 1.0,
                        'lr': 0.0001,
                        'rl_ema': [0.0005, 5e-05],
                        'rl_epochs': 100,
                        'rl_final_lr': 1e-06,
                        'rl_lr': 0.0001,
                        'rl_start_lr': 2e-06,
                        'rl_warmup': 5,
                        'start_lr': 2e-06,
                        'warmup': 5,
                        'weight_decay': 0.04},
    'plateau': {   'patience': 10,
                   'rl_patience': 10,
                   'rl_threshold': 0.01,
                   'threshold': 0.01,
                   'wm_patience': 10,
                   'wm_threshold': 0.01},
    'redis': {   'host': '130.202.23.67',
                 'locker_expiration': 36000,
                 'password': 'your_strong_password',
                 'port': 6379}}
locker_system  <source.utils.redis_cli.MultiLockerSystem object at 0x7fe8297bb6a0>
acquired_locker  None
model_id  3
acquired_locker  3
Process 1 acquired locker 3
wm_candid  ['wm_00_04', 'wm_00_01', 'wm_00_02', 'wm_00_03', 'wm_00_00']
model_name  wm_00_03
type(model_name)  <class 'str'>
log_file  /persistence/world_models/wm_00_03/jepa.csv
save_path  /persistence/world_models/wm_00_03/jepa-ep{epoch}.pt
latest_path  /persistence/world_models/wm_00_03/jepa-latest.pt
load_path  /persistence/world_models/wm_00_03/jepa-latest.pt
Process 1 released locker 3
{   'action': {   'jump': {   'down': [0.0, -3.0, 0.0],
                              'left': [-5.0, 0.0, 0.0],
                              'right': [5.0, 0.0, 0.0],
                              'up': [0.0, 3.0, 0.0]},
                  'long': {   'down': [0.0, -1.0, 0.0],
                              'left': [-1.0, 0.0, 0.0],
                              'right': [1.0, 0.0, 0.0],
                              'up': [0.0, 1.0, 0.0],
                              'zoom_in': [0.0, 0.0, 0.2],
                              'zoom_out': [0.0, 0.0, -0.2]},
                  'noop': [0.0, 0.0, 0.0],
                  'short': {   'down': [0.0, -0.1, 0.0],
                               'left': [-0.1, 0.0, 0.0],
                               'left_down': [-0.1, -0.1, 0.0],
                               'left_up': [-0.1, 0.1, 0.0],
                               'right': [0.1, 0.0, 0.0],
                               'right_down': [0.1, -0.1, 0.0],
                               'right_up': [0.1, 0.1, 0.0],
                               'up': [0.0, 0.1, 0.0],
                               'zoom_in': [0.0, 0.0, 0.1],
                               'zoom_out': [0.0, 0.0, -0.1]}},
    'data': {   'batch_size': 4,
                'color_jitter_strength': 0.0,
                'crop_scale': [0.98, 1.0],
                'crop_size': 224,
                'global_batch_size': 32,
                'image_folder': 'imagenet_full_size/061417/',
                'num_workers': 10,
                'pin_mem': True,
                'rl_batch_size': 64,
                'root_path': '$replace_this_with_absolute_path_to_your_datasets_directory',
                'use_color_distortion': False,
                'use_gaussian_blur': False,
                'use_horizontal_flip': False},
    'dreamer': {'dream_length': 10, 'number_of_dreams': 20},
    'logging': {   'agent_folder': '/persistence/agents/',
                   'dream_folder': '/persistence/dreams/',
                   'folder': '/persistence/world_models/',
                   'ownership_folder': '/persistence',
                   'write_tag': 'jepa'},
    'mask': {   'allow_overlap': False,
                'aspect_ratio': [0.75, 1.5],
                'enc_mask_scale': [0.85, 1.0],
                'min_keep': 10,
                'num_enc_masks': 1,
                'num_pred_masks': 4,
                'patch_size': 14,
                'pred_mask_scale': [0.15, 0.2]},
    'memory': {'dreams': 50, 'memory_models': 10, 'models': 5, 'rl_models': 15},
    'meta': {   'agent_model_arch': 'vit_tiny',
                'camera_brand': 0,
                'copy_data': False,
                'distributed': True,
                'load_checkpoint': True,
                'model_arch': 'vit_tiny',
                'pred_depth': 12,
                'pred_emb_dim': 384,
                'read_checkpoint': None,
                'use_bfloat16': True},
    'optimization': {   'TAU': 0.0005,
                        'ema': [0.85, 1.0],
                        'epochs': 100,
                        'final_lr': 1e-06,
                        'final_weight_decay': 0.4,
                        'ipe_scale': 1.0,
                        'lr': 0.0001,
                        'rl_ema': [0.0005, 5e-05],
                        'rl_epochs': 100,
                        'rl_final_lr': 1e-06,
                        'rl_lr': 0.0001,
                        'rl_start_lr': 2e-06,
                        'rl_warmup': 5,
                        'start_lr': 2e-06,
                        'warmup': 5,
                        'weight_decay': 0.04},
    'plateau': {   'patience': 10,
                   'rl_patience': 10,
                   'rl_threshold': 0.01,
                   'threshold': 0.01,
                   'wm_patience': 10,
                   'wm_threshold': 0.01},
    'redis': {   'host': '130.202.23.67',
                 'locker_expiration': 36000,
                 'password': 'your_strong_password',
                 'port': 6379}}
log_file  /persistence/agents/ag_00_13/jepa.csv
save_path  /persistence/agents/ag_00_13/jepa-ep{epoch}.pt
policy_latest_path  /persistence/agents/ag_00_13/jepa-policy_latest.pt
target_latest_path  /persistence/agents/ag_00_13/jepa-target_latest.pt
policy_load_path  /persistence/agents/ag_00_13/jepa-policy_latest.pt
target_load_path  /persistence/agents/ag_00_13/jepa-target_latest.pt
episodes keys  dict_keys(['state_sequence', 'position_sequence', 'reward_sequence', 'delta_reward_sequence', 'action_sequence'])
{   'action': {   'jump': {   'down': [0.0, -3.0, 0.0],
                              'left': [-5.0, 0.0, 0.0],
                              'right': [5.0, 0.0, 0.0],
                              'up': [0.0, 3.0, 0.0]},
                  'long': {   'down': [0.0, -1.0, 0.0],
                              'left': [-1.0, 0.0, 0.0],
                              'right': [1.0, 0.0, 0.0],
                              'up': [0.0, 1.0, 0.0],
                              'zoom_in': [0.0, 0.0, 0.2],
                              'zoom_out': [0.0, 0.0, -0.2]},
                  'noop': [0.0, 0.0, 0.0],
                  'short': {   'down': [0.0, -0.1, 0.0],
                               'left': [-0.1, 0.0, 0.0],
                               'left_down': [-0.1, -0.1, 0.0],
                               'left_up': [-0.1, 0.1, 0.0],
                               'right': [0.1, 0.0, 0.0],
                               'right_down': [0.1, -0.1, 0.0],
                               'right_up': [0.1, 0.1, 0.0],
                               'up': [0.0, 0.1, 0.0],
                               'zoom_in': [0.0, 0.0, 0.1],
                               'zoom_out': [0.0, 0.0, -0.1]}},
    'data': {   'batch_size': 4,
                'color_jitter_strength': 0.0,
                'crop_scale': [0.98, 1.0],
                'crop_size': 224,
                'global_batch_size': 32,
                'image_folder': 'imagenet_full_size/061417/',
                'num_workers': 10,
                'pin_mem': True,
                'rl_batch_size': 64,
                'root_path': '$replace_this_with_absolute_path_to_your_datasets_directory',
                'use_color_distortion': False,
                'use_gaussian_blur': False,
                'use_horizontal_flip': False},
    'dreamer': Traceback (most recent call last):
  File "/app/main.py", line 250, in <module>
{'dream_length': 10, 'number_of_dreams': 20},
    'logging': {   'agent_folder': '/persistence/agents/',
                   'dream_folder': '/persistence/dreams/',
                   'folder': '/persistence/world_models/',
                   'ownership_folder': '/persistence',
                   'write_tag': 'jepa'},
    'mask': {   'allow_overlap': False,
                'aspect_ratio': [0.75, 1.5],
                'enc_mask_scale': [0.85, 1.0],
                'min_keep': 10,
                'num_enc_masks': 1,
                'num_pred_masks': 4,
                'patch_size': 14,
                'pred_mask_scale': [0.15, 0.2]},
    'memory': {'dreams': 50, 'memory_models': 10, 'models': 5, 'rl_models': 15},
    'meta': {   'agent_model_arch': 'vit_tiny',
                'camera_brand': 0,
                'copy_data': False,
                'distributed': True,
                'load_checkpoint': True,
                'model_arch': 'vit_tiny',
                'pred_depth': 12,
                'pred_emb_dim': 384,
                'read_checkpoint': None,
                'use_bfloat16': True},
    'optimization': {   'TAU': 0.0005,
                        'ema': [0.85, 1.0],
                        'epochs': 100,
                        'final_lr': 1e-06,
                        'final_weight_decay': 0.4,
                        'ipe_scale': 1.0,
                        'lr': 0.0001,
                        'rl_ema': [0.0005, 5e-05],
                        'rl_epochs': 100,
                        'rl_final_lr': 1e-06,
                        'rl_lr': 0.0001,
                        'rl_start_lr': 2e-06,
                        'rl_warmup': 5,
                        'start_lr': 2e-06,
                        'warmup': 5,
                        'weight_decay': 0.04},
    'plateau': {   'patience': 10,
                   'rl_patience': 10,
                   'rl_threshold': 0.01,
                   'threshold': 0.01,
                   'wm_patience': 10,
                   'wm_threshold': 0.01},
    'redis': {   'host': '130.202.23.67',
                 'locker_expiration': 36000,
                 'password': 'your_strong_password',
                 'port': 6379}}
    main()
  File "/app/main.py", line 238, in main
    lifelong_learning(args)
  File "/app/main.py", line 69, in lifelong_learning
    interaction_complete = env_inter(arguments, arguments.fname, "navigate_env")
  File "/app/source/env_interaction.py", line 482, in run
    return control_ptz(args, params)
  File "/app/source/env_interaction.py", line 180, in control_ptz
    restart_info = info_dict[f"restart_{info_dict['num_restart']:0>2}"]
KeyError: 'restart_-1'
